<?xml version="1.0" encoding="UTF-8"?>
<testng-results skipped="0" failed="0" total="3" passed="3">
  <reporter-output>
  </reporter-output>
  <suite name="Default suite" duration-ms="61" started-at="2015-12-18T06:08:51Z" finished-at="2015-12-18T06:08:51Z">
    <groups>
    </groups>
    <test name="Default test" duration-ms="61" started-at="2015-12-18T06:08:51Z" finished-at="2015-12-18T06:08:51Z">
      <class name="testng.SampleTest">
        <test-method status="PASS" signature="newTest()[pri:0, instance:testng.SampleTest@39779de]" name="newTest" duration-ms="17" started-at="2015-12-18T11:38:51Z" finished-at="2015-12-18T11:38:51Z">
          <reporter-output>
          </reporter-output>
        </test-method> <!-- newTest -->
        <test-method status="PASS" signature="sampleTest()[pri:0, instance:testng.SampleTest@39779de]" name="sampleTest" duration-ms="5" started-at="2015-12-18T11:38:51Z" finished-at="2015-12-18T11:38:51Z">
          <reporter-output>
          </reporter-output>
        </test-method> <!-- sampleTest -->
        <test-method status="PASS" signature="wowtotest()[pri:0, instance:testng.SampleTest@39779de]" name="wowtotest" duration-ms="3" started-at="2015-12-18T11:38:51Z" finished-at="2015-12-18T11:38:51Z">
          <reporter-output>
          </reporter-output>
        </test-method> <!-- wowtotest -->
      </class> <!-- testng.SampleTest -->
    </test> <!-- Default test -->
  </suite> <!-- Default suite -->
</testng-results>
